{"activeSellers":0,"level":"debug","message":"Stats WebSocket","service":"liveshop-backend","timestamp":"2025-08-20T15:54:32.917Z","totalConnections":0}
{"activeSellers":0,"level":"debug","message":"Stats WebSocket","service":"liveshop-backend","timestamp":"2025-08-20T15:56:08.213Z","totalConnections":0}
{"activeSellers":0,"level":"debug","message":"Stats WebSocket","service":"liveshop-backend","timestamp":"2025-08-20T15:59:16.972Z","totalConnections":0}
{"database":"liveshop_db","host":"localhost","level":"debug","message":"Connexion à la base de données","port":5432,"service":"liveshop-backend","timestamp":"2025-08-21T11:27:28.843Z"}
{"error":"database \"liveshop_db\" does not exist","level":"error","message":"Erreur test connexion","service":"liveshop-backend","timestamp":"2025-08-21T11:27:29.094Z"}
{"database":"liveshop_db","host":"localhost","level":"debug","message":"Connexion à la base de données","port":5432,"service":"liveshop-backend","timestamp":"2025-08-21T11:31:27.358Z"}
{"error":"database \"liveshop_db\" does not exist","level":"error","message":"Erreur test connexion","service":"liveshop-backend","timestamp":"2025-08-21T11:31:27.465Z"}
{"level":"info","message":"\u001b[0mGET /api/health \u001b[32m200\u001b[0m 5.100 ms - 165\u001b[0m","service":"liveshop-backend","timestamp":"2025-08-21T11:37:36.352Z"}
{"level":"info","message":"\u001b[0mGET /api/public/sellers/1/report \u001b[36m304\u001b[0m 41.301 ms - -\u001b[0m","service":"liveshop-backend","timestamp":"2025-08-21T11:37:55.765Z"}
{"level":"info","message":"\u001b[0mGET /api/public/sellers/1/report \u001b[36m304\u001b[0m 6.548 ms - -\u001b[0m","service":"liveshop-backend","timestamp":"2025-08-21T11:37:55.778Z"}
{"level":"info","message":"\u001b[0mGET /api/public/sellers/1/report \u001b[36m304\u001b[0m 6.594 ms - -\u001b[0m","service":"liveshop-backend","timestamp":"2025-08-21T11:37:55.802Z"}
{"activeSellers":0,"level":"debug","message":"Stats WebSocket","service":"liveshop-backend","timestamp":"2025-08-21T11:38:30.191Z","totalConnections":0}
{"activeSellers":0,"level":"debug","message":"Stats WebSocket","service":"liveshop-backend","timestamp":"2025-08-21T11:39:30.193Z","totalConnections":0}
{"activeSellers":0,"level":"debug","message":"Stats WebSocket","service":"liveshop-backend","timestamp":"2025-08-21T11:40:30.195Z","totalConnections":0}
{"activeSellers":0,"level":"debug","message":"Stats WebSocket","service":"liveshop-backend","timestamp":"2025-08-21T11:41:30.198Z","totalConnections":0}
{"activeSellers":0,"level":"debug","message":"Stats WebSocket","service":"liveshop-backend","timestamp":"2025-08-21T11:42:30.201Z","totalConnections":0}
{"activeSellers":0,"level":"debug","message":"Stats WebSocket","service":"liveshop-backend","timestamp":"2025-08-21T11:43:30.203Z","totalConnections":0}
{"activeSellers":0,"level":"debug","message":"Stats WebSocket","service":"liveshop-backend","timestamp":"2025-08-21T11:44:30.206Z","totalConnections":0}
{"activeSellers":0,"level":"debug","message":"Stats WebSocket","service":"liveshop-backend","timestamp":"2025-08-21T11:45:30.197Z","totalConnections":0}
{"activeSellers":0,"level":"debug","message":"Stats WebSocket","service":"liveshop-backend","timestamp":"2025-08-21T11:46:30.199Z","totalConnections":0}
{"activeSellers":0,"level":"debug","message":"Stats WebSocket","service":"liveshop-backend","timestamp":"2025-08-21T11:47:30.202Z","totalConnections":0}
{"activeSellers":0,"level":"debug","message":"Stats WebSocket","service":"liveshop-backend","timestamp":"2025-08-21T11:48:30.204Z","totalConnections":0}
{"activeSellers":0,"level":"debug","message":"Stats WebSocket","service":"liveshop-backend","timestamp":"2025-08-21T11:49:30.206Z","totalConnections":0}
{"activeSellers":0,"level":"debug","message":"Stats WebSocket","service":"liveshop-backend","timestamp":"2025-08-21T11:50:30.208Z","totalConnections":0}
{"activeSellers":0,"level":"debug","message":"Stats WebSocket","service":"liveshop-backend","timestamp":"2025-08-21T11:51:30.211Z","totalConnections":0}
{"activeSellers":0,"level":"debug","message":"Stats WebSocket","service":"liveshop-backend","timestamp":"2025-08-21T11:52:30.213Z","totalConnections":0}
{"activeSellers":0,"level":"debug","message":"Stats WebSocket","service":"liveshop-backend","timestamp":"2025-08-21T11:53:30.214Z","totalConnections":0}
{"activeSellers":0,"level":"debug","message":"Stats WebSocket","service":"liveshop-backend","timestamp":"2025-08-21T11:54:30.216Z","totalConnections":0}
{"activeSellers":0,"level":"debug","message":"Stats WebSocket","service":"liveshop-backend","timestamp":"2025-08-21T11:55:30.218Z","totalConnections":0}
{"activeSellers":0,"level":"debug","message":"Stats WebSocket","service":"liveshop-backend","timestamp":"2025-08-21T11:56:30.220Z","totalConnections":0}
{"database":"liveshop_db","host":"localhost","level":"debug","message":"Connexion à la base de données","port":5432,"service":"liveshop-backend","timestamp":"2025-08-21T12:09:24.263Z"}
{"error":"database \"liveshop_db\" does not exist","level":"error","message":"Erreur test connexion","service":"liveshop-backend","timestamp":"2025-08-21T12:09:24.331Z"}
{"database":"liveshop_db","host":"localhost","level":"debug","message":"Connexion à la base de données","port":5432,"service":"liveshop-backend","timestamp":"2025-08-21T12:11:04.461Z"}
{"error":"database \"liveshop_db\" does not exist","level":"error","message":"Erreur test connexion","service":"liveshop-backend","timestamp":"2025-08-21T12:11:04.499Z"}
{"database":"liveshop_db","host":"localhost","level":"debug","message":"Connexion à la base de données","port":5432,"service":"liveshop-backend","timestamp":"2025-08-21T12:12:23.194Z"}
{"level":"info","message":"Connexion DB établie","processId":60625,"service":"liveshop-backend","timestamp":"2025-08-21T12:12:23.312Z"}
{"level":"info","message":"Fermeture connexion DB","processId":60625,"service":"liveshop-backend","timestamp":"2025-08-21T12:12:23.312Z"}
{"database":"liveshop_db","host":"localhost","level":"debug","message":"Connexion à la base de données","port":5432,"service":"liveshop-backend","timestamp":"2025-08-21T12:12:23.316Z"}
{"level":"info","message":"Connexion DB établie","processId":60626,"service":"liveshop-backend","timestamp":"2025-08-21T12:12:23.364Z"}
{"level":"info","message":"Connexion PostgreSQL réussie","service":"liveshop-backend","timestamp":"2025-08-21T12:12:23.370Z"}
{"delay":0,"level":"warn","message":"Tentative de reconnexion Redis","retries":0,"service":"liveshop-backend","timestamp":"2025-08-21T12:12:23.409Z"}
{"error":"connect ECONNREFUSED ::1:6379","level":"error","message":"Erreur Redis","service":"liveshop-backend","timestamp":"2025-08-21T12:12:23.410Z"}
{"delay":100,"level":"warn","message":"Tentative de reconnexion Redis","retries":1,"service":"liveshop-backend","timestamp":"2025-08-21T12:12:23.417Z"}
{"error":"connect ECONNREFUSED ::1:6379","level":"error","message":"Erreur Redis","service":"liveshop-backend","timestamp":"2025-08-21T12:12:23.419Z"}
{"delay":200,"level":"warn","message":"Tentative de reconnexion Redis","retries":2,"service":"liveshop-backend","timestamp":"2025-08-21T12:12:23.521Z"}
{"error":"connect ECONNREFUSED ::1:6379","level":"error","message":"Erreur Redis","service":"liveshop-backend","timestamp":"2025-08-21T12:12:23.522Z"}
{"delay":300,"level":"warn","message":"Tentative de reconnexion Redis","retries":3,"service":"liveshop-backend","timestamp":"2025-08-21T12:12:23.724Z"}
{"error":"connect ECONNREFUSED ::1:6379","level":"error","message":"Erreur Redis","service":"liveshop-backend","timestamp":"2025-08-21T12:12:23.724Z"}
{"delay":400,"level":"warn","message":"Tentative de reconnexion Redis","retries":4,"service":"liveshop-backend","timestamp":"2025-08-21T12:12:24.026Z"}
{"error":"connect ECONNREFUSED ::1:6379","level":"error","message":"Erreur Redis","service":"liveshop-backend","timestamp":"2025-08-21T12:12:24.027Z"}
{"delay":500,"level":"warn","message":"Tentative de reconnexion Redis","retries":5,"service":"liveshop-backend","timestamp":"2025-08-21T12:12:24.428Z"}
{"error":"connect ECONNREFUSED ::1:6379","level":"error","message":"Erreur Redis","service":"liveshop-backend","timestamp":"2025-08-21T12:12:24.428Z"}
{"delay":600,"level":"warn","message":"Tentative de reconnexion Redis","retries":6,"service":"liveshop-backend","timestamp":"2025-08-21T12:12:24.931Z"}
{"error":"connect ECONNREFUSED ::1:6379","level":"error","message":"Erreur Redis","service":"liveshop-backend","timestamp":"2025-08-21T12:12:24.931Z"}
{"delay":700,"level":"warn","message":"Tentative de reconnexion Redis","retries":7,"service":"liveshop-backend","timestamp":"2025-08-21T12:12:25.534Z"}
{"error":"connect ECONNREFUSED ::1:6379","level":"error","message":"Erreur Redis","service":"liveshop-backend","timestamp":"2025-08-21T12:12:25.534Z"}
{"delay":800,"level":"warn","message":"Tentative de reconnexion Redis","retries":8,"service":"liveshop-backend","timestamp":"2025-08-21T12:12:26.238Z"}
{"error":"connect ECONNREFUSED ::1:6379","level":"error","message":"Erreur Redis","service":"liveshop-backend","timestamp":"2025-08-21T12:12:26.238Z"}
{"delay":900,"level":"warn","message":"Tentative de reconnexion Redis","retries":9,"service":"liveshop-backend","timestamp":"2025-08-21T12:12:27.041Z"}
{"error":"connect ECONNREFUSED ::1:6379","level":"error","message":"Erreur Redis","service":"liveshop-backend","timestamp":"2025-08-21T12:12:27.041Z"}
{"delay":1000,"level":"warn","message":"Tentative de reconnexion Redis","retries":10,"service":"liveshop-backend","timestamp":"2025-08-21T12:12:27.942Z"}
{"error":"connect ECONNREFUSED ::1:6379","level":"error","message":"Erreur Redis","service":"liveshop-backend","timestamp":"2025-08-21T12:12:27.943Z"}
{"delay":1100,"level":"warn","message":"Tentative de reconnexion Redis","retries":11,"service":"liveshop-backend","timestamp":"2025-08-21T12:12:28.945Z"}
{"error":"connect ECONNREFUSED ::1:6379","level":"error","message":"Erreur Redis","service":"liveshop-backend","timestamp":"2025-08-21T12:12:28.945Z"}
{"delay":1200,"level":"warn","message":"Tentative de reconnexion Redis","retries":12,"service":"liveshop-backend","timestamp":"2025-08-21T12:12:30.047Z"}
{"error":"connect ECONNREFUSED ::1:6379","level":"error","message":"Erreur Redis","service":"liveshop-backend","timestamp":"2025-08-21T12:12:30.048Z"}
{"delay":1300,"level":"warn","message":"Tentative de reconnexion Redis","retries":13,"service":"liveshop-backend","timestamp":"2025-08-21T12:12:31.250Z"}
{"error":"connect ECONNREFUSED ::1:6379","level":"error","message":"Erreur Redis","service":"liveshop-backend","timestamp":"2025-08-21T12:12:31.251Z"}
{"delay":1400,"level":"warn","message":"Tentative de reconnexion Redis","retries":14,"service":"liveshop-backend","timestamp":"2025-08-21T12:12:32.552Z"}
{"error":"connect ECONNREFUSED ::1:6379","level":"error","message":"Erreur Redis","service":"liveshop-backend","timestamp":"2025-08-21T12:12:32.552Z"}
{"delay":1500,"level":"warn","message":"Tentative de reconnexion Redis","retries":15,"service":"liveshop-backend","timestamp":"2025-08-21T12:12:33.955Z"}
{"error":"connect ECONNREFUSED ::1:6379","level":"error","message":"Erreur Redis","service":"liveshop-backend","timestamp":"2025-08-21T12:12:33.955Z"}
{"delay":1600,"level":"warn","message":"Tentative de reconnexion Redis","retries":16,"service":"liveshop-backend","timestamp":"2025-08-21T12:12:35.458Z"}
{"error":"connect ECONNREFUSED ::1:6379","level":"error","message":"Erreur Redis","service":"liveshop-backend","timestamp":"2025-08-21T12:12:35.458Z"}
{"delay":1700,"level":"warn","message":"Tentative de reconnexion Redis","retries":17,"service":"liveshop-backend","timestamp":"2025-08-21T12:12:37.060Z"}
{"error":"connect ECONNREFUSED ::1:6379","level":"error","message":"Erreur Redis","service":"liveshop-backend","timestamp":"2025-08-21T12:12:37.061Z"}
{"delay":1800,"level":"warn","message":"Tentative de reconnexion Redis","retries":18,"service":"liveshop-backend","timestamp":"2025-08-21T12:12:38.763Z"}
{"error":"connect ECONNREFUSED ::1:6379","level":"error","message":"Erreur Redis","service":"liveshop-backend","timestamp":"2025-08-21T12:12:38.763Z"}
{"delay":1900,"level":"warn","message":"Tentative de reconnexion Redis","retries":19,"service":"liveshop-backend","timestamp":"2025-08-21T12:12:40.566Z"}
{"error":"connect ECONNREFUSED ::1:6379","level":"error","message":"Erreur Redis","service":"liveshop-backend","timestamp":"2025-08-21T12:12:40.566Z"}
{"delay":2000,"level":"warn","message":"Tentative de reconnexion Redis","retries":20,"service":"liveshop-backend","timestamp":"2025-08-21T12:12:42.469Z"}
{"error":"connect ECONNREFUSED ::1:6379","level":"error","message":"Erreur Redis","service":"liveshop-backend","timestamp":"2025-08-21T12:12:42.469Z"}
{"delay":2100,"level":"warn","message":"Tentative de reconnexion Redis","retries":21,"service":"liveshop-backend","timestamp":"2025-08-21T12:12:44.471Z"}
{"error":"connect ECONNREFUSED ::1:6379","level":"error","message":"Erreur Redis","service":"liveshop-backend","timestamp":"2025-08-21T12:12:44.471Z"}
{"delay":2200,"level":"warn","message":"Tentative de reconnexion Redis","retries":22,"service":"liveshop-backend","timestamp":"2025-08-21T12:12:46.575Z"}
{"error":"connect ECONNREFUSED ::1:6379","level":"error","message":"Erreur Redis","service":"liveshop-backend","timestamp":"2025-08-21T12:12:46.576Z"}
{"delay":2300,"level":"warn","message":"Tentative de reconnexion Redis","retries":23,"service":"liveshop-backend","timestamp":"2025-08-21T12:12:48.777Z"}
{"error":"connect ECONNREFUSED ::1:6379","level":"error","message":"Erreur Redis","service":"liveshop-backend","timestamp":"2025-08-21T12:12:48.777Z"}
{"delay":2400,"level":"warn","message":"Tentative de reconnexion Redis","retries":24,"service":"liveshop-backend","timestamp":"2025-08-21T12:12:51.080Z"}
{"error":"connect ECONNREFUSED ::1:6379","level":"error","message":"Erreur Redis","service":"liveshop-backend","timestamp":"2025-08-21T12:12:51.081Z"}
{"delay":2500,"level":"warn","message":"Tentative de reconnexion Redis","retries":25,"service":"liveshop-backend","timestamp":"2025-08-21T12:12:53.484Z"}
{"error":"connect ECONNREFUSED ::1:6379","level":"error","message":"Erreur Redis","service":"liveshop-backend","timestamp":"2025-08-21T12:12:53.484Z"}
{"delay":2600,"level":"warn","message":"Tentative de reconnexion Redis","retries":26,"service":"liveshop-backend","timestamp":"2025-08-21T12:12:55.986Z"}
{"error":"connect ECONNREFUSED ::1:6379","level":"error","message":"Erreur Redis","service":"liveshop-backend","timestamp":"2025-08-21T12:12:55.986Z"}
{"delay":2700,"level":"warn","message":"Tentative de reconnexion Redis","retries":27,"service":"liveshop-backend","timestamp":"2025-08-21T12:12:58.588Z"}
{"error":"connect ECONNREFUSED ::1:6379","level":"error","message":"Erreur Redis","service":"liveshop-backend","timestamp":"2025-08-21T12:12:58.588Z"}
{"delay":2800,"level":"warn","message":"Tentative de reconnexion Redis","retries":28,"service":"liveshop-backend","timestamp":"2025-08-21T12:13:01.292Z"}
{"error":"connect ECONNREFUSED ::1:6379","level":"error","message":"Erreur Redis","service":"liveshop-backend","timestamp":"2025-08-21T12:13:01.292Z"}
{"delay":2900,"level":"warn","message":"Tentative de reconnexion Redis","retries":29,"service":"liveshop-backend","timestamp":"2025-08-21T12:13:04.094Z"}
{"error":"connect ECONNREFUSED ::1:6379","level":"error","message":"Erreur Redis","service":"liveshop-backend","timestamp":"2025-08-21T12:13:04.094Z"}
{"delay":3000,"level":"warn","message":"Tentative de reconnexion Redis","retries":30,"service":"liveshop-backend","timestamp":"2025-08-21T12:13:06.996Z"}
{"error":"connect ECONNREFUSED ::1:6379","level":"error","message":"Erreur Redis","service":"liveshop-backend","timestamp":"2025-08-21T12:13:06.996Z"}
{"delay":3100,"level":"warn","message":"Tentative de reconnexion Redis","retries":31,"service":"liveshop-backend","timestamp":"2025-08-21T12:13:09.998Z"}
{"error":"connect ECONNREFUSED ::1:6379","level":"error","message":"Erreur Redis","service":"liveshop-backend","timestamp":"2025-08-21T12:13:09.999Z"}
{"delay":3200,"level":"warn","message":"Tentative de reconnexion Redis","retries":32,"service":"liveshop-backend","timestamp":"2025-08-21T12:13:13.101Z"}
{"error":"connect ECONNREFUSED ::1:6379","level":"error","message":"Erreur Redis","service":"liveshop-backend","timestamp":"2025-08-21T12:13:13.101Z"}
{"delay":3300,"level":"warn","message":"Tentative de reconnexion Redis","retries":33,"service":"liveshop-backend","timestamp":"2025-08-21T12:13:16.303Z"}
{"error":"connect ECONNREFUSED ::1:6379","level":"error","message":"Erreur Redis","service":"liveshop-backend","timestamp":"2025-08-21T12:13:16.304Z"}
{"delay":3400,"level":"warn","message":"Tentative de reconnexion Redis","retries":34,"service":"liveshop-backend","timestamp":"2025-08-21T12:13:19.605Z"}
{"error":"connect ECONNREFUSED ::1:6379","level":"error","message":"Erreur Redis","service":"liveshop-backend","timestamp":"2025-08-21T12:13:19.606Z"}
{"delay":3500,"level":"warn","message":"Tentative de reconnexion Redis","retries":35,"service":"liveshop-backend","timestamp":"2025-08-21T12:13:23.008Z"}
{"error":"connect ECONNREFUSED ::1:6379","level":"error","message":"Erreur Redis","service":"liveshop-backend","timestamp":"2025-08-21T12:13:23.008Z"}
{"activeSellers":0,"level":"debug","message":"Stats WebSocket","service":"liveshop-backend","timestamp":"2025-08-21T12:13:23.196Z","totalConnections":0}
{"delay":3600,"level":"warn","message":"Tentative de reconnexion Redis","retries":36,"service":"liveshop-backend","timestamp":"2025-08-21T12:13:26.512Z"}
{"error":"connect ECONNREFUSED ::1:6379","level":"error","message":"Erreur Redis","service":"liveshop-backend","timestamp":"2025-08-21T12:13:26.512Z"}
{"delay":3700,"level":"warn","message":"Tentative de reconnexion Redis","retries":37,"service":"liveshop-backend","timestamp":"2025-08-21T12:13:30.115Z"}
{"error":"connect ECONNREFUSED ::1:6379","level":"error","message":"Erreur Redis","service":"liveshop-backend","timestamp":"2025-08-21T12:13:30.115Z"}
{"delay":3800,"level":"warn","message":"Tentative de reconnexion Redis","retries":38,"service":"liveshop-backend","timestamp":"2025-08-21T12:13:33.819Z"}
{"error":"connect ECONNREFUSED ::1:6379","level":"error","message":"Erreur Redis","service":"liveshop-backend","timestamp":"2025-08-21T12:13:33.819Z"}
{"delay":3900,"level":"warn","message":"Tentative de reconnexion Redis","retries":39,"service":"liveshop-backend","timestamp":"2025-08-21T12:13:37.621Z"}
{"error":"connect ECONNREFUSED ::1:6379","level":"error","message":"Erreur Redis","service":"liveshop-backend","timestamp":"2025-08-21T12:13:37.621Z"}
{"delay":4000,"level":"warn","message":"Tentative de reconnexion Redis","retries":40,"service":"liveshop-backend","timestamp":"2025-08-21T12:13:41.523Z"}
{"error":"connect ECONNREFUSED ::1:6379","level":"error","message":"Erreur Redis","service":"liveshop-backend","timestamp":"2025-08-21T12:13:41.524Z"}
{"delay":4100,"level":"warn","message":"Tentative de reconnexion Redis","retries":41,"service":"liveshop-backend","timestamp":"2025-08-21T12:13:45.532Z"}
{"error":"connect ECONNREFUSED ::1:6379","level":"error","message":"Erreur Redis","service":"liveshop-backend","timestamp":"2025-08-21T12:13:45.533Z"}
{"delay":4200,"level":"warn","message":"Tentative de reconnexion Redis","retries":42,"service":"liveshop-backend","timestamp":"2025-08-21T12:13:49.635Z"}
{"error":"connect ECONNREFUSED ::1:6379","level":"error","message":"Erreur Redis","service":"liveshop-backend","timestamp":"2025-08-21T12:13:49.635Z"}
{"delay":4300,"level":"warn","message":"Tentative de reconnexion Redis","retries":43,"service":"liveshop-backend","timestamp":"2025-08-21T12:13:53.836Z"}
{"error":"connect ECONNREFUSED ::1:6379","level":"error","message":"Erreur Redis","service":"liveshop-backend","timestamp":"2025-08-21T12:13:53.836Z"}
{"delay":4400,"level":"warn","message":"Tentative de reconnexion Redis","retries":44,"service":"liveshop-backend","timestamp":"2025-08-21T12:13:58.139Z"}
{"error":"connect ECONNREFUSED ::1:6379","level":"error","message":"Erreur Redis","service":"liveshop-backend","timestamp":"2025-08-21T12:13:58.140Z"}
{"delay":4500,"level":"warn","message":"Tentative de reconnexion Redis","retries":45,"service":"liveshop-backend","timestamp":"2025-08-21T12:14:02.542Z"}
{"error":"connect ECONNREFUSED ::1:6379","level":"error","message":"Erreur Redis","service":"liveshop-backend","timestamp":"2025-08-21T12:14:02.542Z"}
{"delay":4600,"level":"warn","message":"Tentative de reconnexion Redis","retries":46,"service":"liveshop-backend","timestamp":"2025-08-21T12:14:07.044Z"}
{"error":"connect ECONNREFUSED ::1:6379","level":"error","message":"Erreur Redis","service":"liveshop-backend","timestamp":"2025-08-21T12:14:07.044Z"}
{"delay":4700,"level":"warn","message":"Tentative de reconnexion Redis","retries":47,"service":"liveshop-backend","timestamp":"2025-08-21T12:14:11.648Z"}
{"error":"connect ECONNREFUSED ::1:6379","level":"error","message":"Erreur Redis","service":"liveshop-backend","timestamp":"2025-08-21T12:14:11.649Z"}
{"delay":4800,"level":"warn","message":"Tentative de reconnexion Redis","retries":48,"service":"liveshop-backend","timestamp":"2025-08-21T12:14:16.353Z"}
{"error":"connect ECONNREFUSED ::1:6379","level":"error","message":"Erreur Redis","service":"liveshop-backend","timestamp":"2025-08-21T12:14:16.353Z"}
{"delay":4900,"level":"warn","message":"Tentative de reconnexion Redis","retries":49,"service":"liveshop-backend","timestamp":"2025-08-21T12:14:21.157Z"}
{"error":"connect ECONNREFUSED ::1:6379","level":"error","message":"Erreur Redis","service":"liveshop-backend","timestamp":"2025-08-21T12:14:21.157Z"}
{"activeSellers":0,"level":"debug","message":"Stats WebSocket","service":"liveshop-backend","timestamp":"2025-08-21T12:14:23.199Z","totalConnections":0}
{"delay":5000,"level":"warn","message":"Tentative de reconnexion Redis","retries":50,"service":"liveshop-backend","timestamp":"2025-08-21T12:14:26.059Z"}
{"error":"connect ECONNREFUSED ::1:6379","level":"error","message":"Erreur Redis","service":"liveshop-backend","timestamp":"2025-08-21T12:14:26.059Z"}
{"delay":5000,"level":"warn","message":"Tentative de reconnexion Redis","retries":51,"service":"liveshop-backend","timestamp":"2025-08-21T12:14:31.063Z"}
{"error":"connect ECONNREFUSED ::1:6379","level":"error","message":"Erreur Redis","service":"liveshop-backend","timestamp":"2025-08-21T12:14:31.063Z"}
{"delay":5000,"level":"warn","message":"Tentative de reconnexion Redis","retries":52,"service":"liveshop-backend","timestamp":"2025-08-21T12:14:36.066Z"}
{"error":"connect ECONNREFUSED ::1:6379","level":"error","message":"Erreur Redis","service":"liveshop-backend","timestamp":"2025-08-21T12:14:36.066Z"}
{"delay":5000,"level":"warn","message":"Tentative de reconnexion Redis","retries":53,"service":"liveshop-backend","timestamp":"2025-08-21T12:14:41.070Z"}
{"error":"connect ECONNREFUSED ::1:6379","level":"error","message":"Erreur Redis","service":"liveshop-backend","timestamp":"2025-08-21T12:14:41.070Z"}
{"delay":5000,"level":"warn","message":"Tentative de reconnexion Redis","retries":54,"service":"liveshop-backend","timestamp":"2025-08-21T12:14:46.072Z"}
{"error":"connect ECONNREFUSED ::1:6379","level":"error","message":"Erreur Redis","service":"liveshop-backend","timestamp":"2025-08-21T12:14:46.073Z"}
{"delay":5000,"level":"warn","message":"Tentative de reconnexion Redis","retries":55,"service":"liveshop-backend","timestamp":"2025-08-21T12:14:51.075Z"}
{"error":"connect ECONNREFUSED ::1:6379","level":"error","message":"Erreur Redis","service":"liveshop-backend","timestamp":"2025-08-21T12:14:51.075Z"}
{"delay":5000,"level":"warn","message":"Tentative de reconnexion Redis","retries":56,"service":"liveshop-backend","timestamp":"2025-08-21T12:14:56.082Z"}
{"error":"connect ECONNREFUSED ::1:6379","level":"error","message":"Erreur Redis","service":"liveshop-backend","timestamp":"2025-08-21T12:14:56.082Z"}
{"delay":5000,"level":"warn","message":"Tentative de reconnexion Redis","retries":57,"service":"liveshop-backend","timestamp":"2025-08-21T12:15:01.088Z"}
{"error":"connect ECONNREFUSED ::1:6379","level":"error","message":"Erreur Redis","service":"liveshop-backend","timestamp":"2025-08-21T12:15:01.088Z"}
{"delay":5000,"level":"warn","message":"Tentative de reconnexion Redis","retries":58,"service":"liveshop-backend","timestamp":"2025-08-21T12:15:06.093Z"}
{"error":"connect ECONNREFUSED ::1:6379","level":"error","message":"Erreur Redis","service":"liveshop-backend","timestamp":"2025-08-21T12:15:06.093Z"}
{"delay":5000,"level":"warn","message":"Tentative de reconnexion Redis","retries":59,"service":"liveshop-backend","timestamp":"2025-08-21T12:15:11.096Z"}
{"error":"connect ECONNREFUSED ::1:6379","level":"error","message":"Erreur Redis","service":"liveshop-backend","timestamp":"2025-08-21T12:15:11.097Z"}
{"delay":5000,"level":"warn","message":"Tentative de reconnexion Redis","retries":60,"service":"liveshop-backend","timestamp":"2025-08-21T12:15:16.100Z"}
{"error":"connect ECONNREFUSED ::1:6379","level":"error","message":"Erreur Redis","service":"liveshop-backend","timestamp":"2025-08-21T12:15:16.101Z"}
{"delay":5000,"level":"warn","message":"Tentative de reconnexion Redis","retries":61,"service":"liveshop-backend","timestamp":"2025-08-21T12:15:21.111Z"}
{"error":"connect ECONNREFUSED ::1:6379","level":"error","message":"Erreur Redis","service":"liveshop-backend","timestamp":"2025-08-21T12:15:21.115Z"}
{"activeSellers":0,"level":"debug","message":"Stats WebSocket","service":"liveshop-backend","timestamp":"2025-08-21T12:15:23.210Z","totalConnections":0}
{"delay":5000,"level":"warn","message":"Tentative de reconnexion Redis","retries":62,"service":"liveshop-backend","timestamp":"2025-08-21T12:15:26.120Z"}
{"error":"connect ECONNREFUSED ::1:6379","level":"error","message":"Erreur Redis","service":"liveshop-backend","timestamp":"2025-08-21T12:15:26.120Z"}
{"delay":5000,"level":"warn","message":"Tentative de reconnexion Redis","retries":63,"service":"liveshop-backend","timestamp":"2025-08-21T12:15:31.122Z"}
{"error":"connect ECONNREFUSED ::1:6379","level":"error","message":"Erreur Redis","service":"liveshop-backend","timestamp":"2025-08-21T12:15:31.123Z"}
{"delay":5000,"level":"warn","message":"Tentative de reconnexion Redis","retries":64,"service":"liveshop-backend","timestamp":"2025-08-21T12:15:36.125Z"}
{"error":"connect ECONNREFUSED ::1:6379","level":"error","message":"Erreur Redis","service":"liveshop-backend","timestamp":"2025-08-21T12:15:36.125Z"}
{"delay":5000,"level":"warn","message":"Tentative de reconnexion Redis","retries":65,"service":"liveshop-backend","timestamp":"2025-08-21T12:15:41.131Z"}
{"error":"connect ECONNREFUSED ::1:6379","level":"error","message":"Erreur Redis","service":"liveshop-backend","timestamp":"2025-08-21T12:15:41.134Z"}
{"delay":5000,"level":"warn","message":"Tentative de reconnexion Redis","retries":66,"service":"liveshop-backend","timestamp":"2025-08-21T12:15:46.137Z"}
{"error":"connect ECONNREFUSED ::1:6379","level":"error","message":"Erreur Redis","service":"liveshop-backend","timestamp":"2025-08-21T12:15:46.138Z"}
{"delay":5000,"level":"warn","message":"Tentative de reconnexion Redis","retries":67,"service":"liveshop-backend","timestamp":"2025-08-21T12:15:51.141Z"}
{"error":"connect ECONNREFUSED ::1:6379","level":"error","message":"Erreur Redis","service":"liveshop-backend","timestamp":"2025-08-21T12:15:51.141Z"}
{"delay":5000,"level":"warn","message":"Tentative de reconnexion Redis","retries":68,"service":"liveshop-backend","timestamp":"2025-08-21T12:15:56.145Z"}
{"error":"connect ECONNREFUSED ::1:6379","level":"error","message":"Erreur Redis","service":"liveshop-backend","timestamp":"2025-08-21T12:15:56.147Z"}
{"delay":5000,"level":"warn","message":"Tentative de reconnexion Redis","retries":69,"service":"liveshop-backend","timestamp":"2025-08-21T12:16:01.150Z"}
{"error":"connect ECONNREFUSED ::1:6379","level":"error","message":"Erreur Redis","service":"liveshop-backend","timestamp":"2025-08-21T12:16:01.150Z"}
{"delay":5000,"level":"warn","message":"Tentative de reconnexion Redis","retries":70,"service":"liveshop-backend","timestamp":"2025-08-21T12:16:06.153Z"}
{"error":"connect ECONNREFUSED ::1:6379","level":"error","message":"Erreur Redis","service":"liveshop-backend","timestamp":"2025-08-21T12:16:06.154Z"}
{"delay":5000,"level":"warn","message":"Tentative de reconnexion Redis","retries":71,"service":"liveshop-backend","timestamp":"2025-08-21T12:16:11.156Z"}
{"error":"connect ECONNREFUSED ::1:6379","level":"error","message":"Erreur Redis","service":"liveshop-backend","timestamp":"2025-08-21T12:16:11.157Z"}
{"delay":5000,"level":"warn","message":"Tentative de reconnexion Redis","retries":72,"service":"liveshop-backend","timestamp":"2025-08-21T12:16:16.159Z"}
{"error":"connect ECONNREFUSED ::1:6379","level":"error","message":"Erreur Redis","service":"liveshop-backend","timestamp":"2025-08-21T12:16:16.160Z"}
{"delay":5000,"level":"warn","message":"Tentative de reconnexion Redis","retries":73,"service":"liveshop-backend","timestamp":"2025-08-21T12:16:21.161Z"}
{"error":"connect ECONNREFUSED ::1:6379","level":"error","message":"Erreur Redis","service":"liveshop-backend","timestamp":"2025-08-21T12:16:21.161Z"}
{"activeSellers":0,"level":"debug","message":"Stats WebSocket","service":"liveshop-backend","timestamp":"2025-08-21T12:16:23.214Z","totalConnections":0}
{"delay":5000,"level":"warn","message":"Tentative de reconnexion Redis","retries":74,"service":"liveshop-backend","timestamp":"2025-08-21T12:16:26.162Z"}
{"error":"connect ECONNREFUSED ::1:6379","level":"error","message":"Erreur Redis","service":"liveshop-backend","timestamp":"2025-08-21T12:16:26.163Z"}
{"delay":5000,"level":"warn","message":"Tentative de reconnexion Redis","retries":75,"service":"liveshop-backend","timestamp":"2025-08-21T12:16:31.164Z"}
{"error":"connect ECONNREFUSED ::1:6379","level":"error","message":"Erreur Redis","service":"liveshop-backend","timestamp":"2025-08-21T12:16:31.164Z"}
{"delay":5000,"level":"warn","message":"Tentative de reconnexion Redis","retries":76,"service":"liveshop-backend","timestamp":"2025-08-21T12:16:36.182Z"}
{"error":"connect ECONNREFUSED ::1:6379","level":"error","message":"Erreur Redis","service":"liveshop-backend","timestamp":"2025-08-21T12:16:36.183Z"}
{"delay":5000,"level":"warn","message":"Tentative de reconnexion Redis","retries":77,"service":"liveshop-backend","timestamp":"2025-08-21T12:16:41.184Z"}
{"error":"connect ECONNREFUSED ::1:6379","level":"error","message":"Erreur Redis","service":"liveshop-backend","timestamp":"2025-08-21T12:16:41.184Z"}
{"delay":5000,"level":"warn","message":"Tentative de reconnexion Redis","retries":78,"service":"liveshop-backend","timestamp":"2025-08-21T12:16:46.186Z"}
{"error":"connect ECONNREFUSED ::1:6379","level":"error","message":"Erreur Redis","service":"liveshop-backend","timestamp":"2025-08-21T12:16:46.187Z"}
{"delay":5000,"level":"warn","message":"Tentative de reconnexion Redis","retries":79,"service":"liveshop-backend","timestamp":"2025-08-21T12:16:51.188Z"}
{"error":"connect ECONNREFUSED ::1:6379","level":"error","message":"Erreur Redis","service":"liveshop-backend","timestamp":"2025-08-21T12:16:51.189Z"}
{"delay":5000,"level":"warn","message":"Tentative de reconnexion Redis","retries":80,"service":"liveshop-backend","timestamp":"2025-08-21T12:16:56.192Z"}
{"error":"connect ECONNREFUSED ::1:6379","level":"error","message":"Erreur Redis","service":"liveshop-backend","timestamp":"2025-08-21T12:16:56.192Z"}
{"delay":5000,"level":"warn","message":"Tentative de reconnexion Redis","retries":81,"service":"liveshop-backend","timestamp":"2025-08-21T12:17:01.193Z"}
{"error":"connect ECONNREFUSED ::1:6379","level":"error","message":"Erreur Redis","service":"liveshop-backend","timestamp":"2025-08-21T12:17:01.193Z"}
{"delay":5000,"level":"warn","message":"Tentative de reconnexion Redis","retries":82,"service":"liveshop-backend","timestamp":"2025-08-21T12:17:06.196Z"}
{"error":"connect ECONNREFUSED ::1:6379","level":"error","message":"Erreur Redis","service":"liveshop-backend","timestamp":"2025-08-21T12:17:06.196Z"}
{"delay":5000,"level":"warn","message":"Tentative de reconnexion Redis","retries":83,"service":"liveshop-backend","timestamp":"2025-08-21T12:17:11.199Z"}
{"error":"connect ECONNREFUSED ::1:6379","level":"error","message":"Erreur Redis","service":"liveshop-backend","timestamp":"2025-08-21T12:17:11.200Z"}
{"delay":5000,"level":"warn","message":"Tentative de reconnexion Redis","retries":84,"service":"liveshop-backend","timestamp":"2025-08-21T12:17:16.203Z"}
{"error":"connect ECONNREFUSED ::1:6379","level":"error","message":"Erreur Redis","service":"liveshop-backend","timestamp":"2025-08-21T12:17:16.207Z"}
{"delay":5000,"level":"warn","message":"Tentative de reconnexion Redis","retries":85,"service":"liveshop-backend","timestamp":"2025-08-21T12:17:21.210Z"}
{"error":"connect ECONNREFUSED ::1:6379","level":"error","message":"Erreur Redis","service":"liveshop-backend","timestamp":"2025-08-21T12:17:21.213Z"}
{"activeSellers":0,"level":"debug","message":"Stats WebSocket","service":"liveshop-backend","timestamp":"2025-08-21T12:17:23.216Z","totalConnections":0}
{"delay":5000,"level":"warn","message":"Tentative de reconnexion Redis","retries":86,"service":"liveshop-backend","timestamp":"2025-08-21T12:17:26.216Z"}
{"error":"connect ECONNREFUSED ::1:6379","level":"error","message":"Erreur Redis","service":"liveshop-backend","timestamp":"2025-08-21T12:17:26.216Z"}
{"delay":5000,"level":"warn","message":"Tentative de reconnexion Redis","retries":87,"service":"liveshop-backend","timestamp":"2025-08-21T12:17:31.218Z"}
{"error":"connect ECONNREFUSED ::1:6379","level":"error","message":"Erreur Redis","service":"liveshop-backend","timestamp":"2025-08-21T12:17:31.218Z"}
{"delay":5000,"level":"warn","message":"Tentative de reconnexion Redis","retries":88,"service":"liveshop-backend","timestamp":"2025-08-21T12:17:36.219Z"}
{"error":"connect ECONNREFUSED ::1:6379","level":"error","message":"Erreur Redis","service":"liveshop-backend","timestamp":"2025-08-21T12:17:36.220Z"}
{"delay":5000,"level":"warn","message":"Tentative de reconnexion Redis","retries":89,"service":"liveshop-backend","timestamp":"2025-08-21T12:17:41.222Z"}
{"error":"connect ECONNREFUSED ::1:6379","level":"error","message":"Erreur Redis","service":"liveshop-backend","timestamp":"2025-08-21T12:17:41.223Z"}
{"delay":5000,"level":"warn","message":"Tentative de reconnexion Redis","retries":90,"service":"liveshop-backend","timestamp":"2025-08-21T12:17:46.224Z"}
{"error":"connect ECONNREFUSED ::1:6379","level":"error","message":"Erreur Redis","service":"liveshop-backend","timestamp":"2025-08-21T12:17:46.225Z"}
{"delay":5000,"level":"warn","message":"Tentative de reconnexion Redis","retries":91,"service":"liveshop-backend","timestamp":"2025-08-21T12:17:51.228Z"}
{"error":"connect ECONNREFUSED ::1:6379","level":"error","message":"Erreur Redis","service":"liveshop-backend","timestamp":"2025-08-21T12:17:51.228Z"}
{"delay":5000,"level":"warn","message":"Tentative de reconnexion Redis","retries":92,"service":"liveshop-backend","timestamp":"2025-08-21T12:17:56.230Z"}
{"error":"connect ECONNREFUSED ::1:6379","level":"error","message":"Erreur Redis","service":"liveshop-backend","timestamp":"2025-08-21T12:17:56.233Z"}
{"level":"info","message":"Fermeture graceful des connexions...","service":"liveshop-backend","timestamp":"2025-08-21T12:17:58.466Z"}
{"level":"info","message":"Fermeture connexion DB","processId":60626,"service":"liveshop-backend","timestamp":"2025-08-21T12:17:58.481Z"}
{"database":"liveshop_db","host":"localhost","level":"debug","message":"Connexion à la base de données","port":5432,"service":"liveshop-backend","timestamp":"2025-08-21T12:26:39.627Z"}
{"level":"info","message":"Connexion DB établie","processId":61928,"service":"liveshop-backend","timestamp":"2025-08-21T12:26:39.704Z"}
{"level":"info","message":"Fermeture connexion DB","processId":61928,"service":"liveshop-backend","timestamp":"2025-08-21T12:26:39.704Z"}
{"database":"liveshop_db","host":"localhost","level":"debug","message":"Connexion à la base de données","port":5432,"service":"liveshop-backend","timestamp":"2025-08-21T12:26:39.708Z"}
{"level":"info","message":"Connexion DB établie","processId":61929,"service":"liveshop-backend","timestamp":"2025-08-21T12:26:39.717Z"}
{"level":"info","message":"Connexion PostgreSQL réussie","service":"liveshop-backend","timestamp":"2025-08-21T12:26:39.721Z"}
{"delay":0,"level":"warn","message":"Tentative de reconnexion Redis","retries":0,"service":"liveshop-backend","timestamp":"2025-08-21T12:26:39.768Z"}
{"error":"connect ECONNREFUSED ::1:6379","level":"error","message":"Erreur Redis","service":"liveshop-backend","timestamp":"2025-08-21T12:26:39.769Z"}
{"delay":100,"level":"warn","message":"Tentative de reconnexion Redis","retries":1,"service":"liveshop-backend","timestamp":"2025-08-21T12:26:39.786Z"}
{"error":"connect ECONNREFUSED ::1:6379","level":"error","message":"Erreur Redis","service":"liveshop-backend","timestamp":"2025-08-21T12:26:39.786Z"}
{"delay":200,"level":"warn","message":"Tentative de reconnexion Redis","retries":2,"service":"liveshop-backend","timestamp":"2025-08-21T12:26:39.889Z"}
{"error":"connect ECONNREFUSED ::1:6379","level":"error","message":"Erreur Redis","service":"liveshop-backend","timestamp":"2025-08-21T12:26:39.889Z"}
{"delay":300,"level":"warn","message":"Tentative de reconnexion Redis","retries":3,"service":"liveshop-backend","timestamp":"2025-08-21T12:26:40.090Z"}
{"error":"connect ECONNREFUSED ::1:6379","level":"error","message":"Erreur Redis","service":"liveshop-backend","timestamp":"2025-08-21T12:26:40.090Z"}
{"delay":400,"level":"warn","message":"Tentative de reconnexion Redis","retries":4,"service":"liveshop-backend","timestamp":"2025-08-21T12:26:40.391Z"}
{"error":"connect ECONNREFUSED ::1:6379","level":"error","message":"Erreur Redis","service":"liveshop-backend","timestamp":"2025-08-21T12:26:40.391Z"}
{"delay":500,"level":"warn","message":"Tentative de reconnexion Redis","retries":5,"service":"liveshop-backend","timestamp":"2025-08-21T12:26:40.793Z"}
{"error":"connect ECONNREFUSED ::1:6379","level":"error","message":"Erreur Redis","service":"liveshop-backend","timestamp":"2025-08-21T12:26:40.793Z"}
{"delay":600,"level":"warn","message":"Tentative de reconnexion Redis","retries":6,"service":"liveshop-backend","timestamp":"2025-08-21T12:26:41.296Z"}
{"error":"connect ECONNREFUSED ::1:6379","level":"error","message":"Erreur Redis","service":"liveshop-backend","timestamp":"2025-08-21T12:26:41.296Z"}
{"delay":700,"level":"warn","message":"Tentative de reconnexion Redis","retries":7,"service":"liveshop-backend","timestamp":"2025-08-21T12:26:41.902Z"}
{"error":"connect ECONNREFUSED ::1:6379","level":"error","message":"Erreur Redis","service":"liveshop-backend","timestamp":"2025-08-21T12:26:41.902Z"}
{"level":"info","message":"🚀 Serveur LiveShop démarré sur le port 3001","service":"liveshop-backend","timestamp":"2025-08-21T12:26:44.420Z"}
{"database":"liveshop_db","host":"localhost","level":"debug","message":"Connexion à la base de données","port":5432,"service":"liveshop-backend","timestamp":"2025-08-21T12:26:44.423Z"}
{"level":"info","message":"Connexion DB établie","processId":62031,"service":"liveshop-backend","timestamp":"2025-08-21T12:26:44.446Z"}
{"level":"info","message":"Fermeture connexion DB","processId":62031,"service":"liveshop-backend","timestamp":"2025-08-21T12:26:44.447Z"}
{"database":"liveshop_db","host":"localhost","level":"debug","message":"Connexion à la base de données","port":5432,"service":"liveshop-backend","timestamp":"2025-08-21T12:26:44.454Z"}
{"level":"info","message":"Connexion DB établie","processId":62032,"service":"liveshop-backend","timestamp":"2025-08-21T12:26:44.459Z"}
{"level":"info","message":"Connexion PostgreSQL réussie","service":"liveshop-backend","timestamp":"2025-08-21T12:26:44.464Z"}
{"delay":0,"level":"warn","message":"Tentative de reconnexion Redis","retries":0,"service":"liveshop-backend","timestamp":"2025-08-21T12:26:44.506Z"}
{"error":"connect ECONNREFUSED ::1:6379","level":"error","message":"Erreur Redis","service":"liveshop-backend","timestamp":"2025-08-21T12:26:44.506Z"}
{"delay":100,"level":"warn","message":"Tentative de reconnexion Redis","retries":1,"service":"liveshop-backend","timestamp":"2025-08-21T12:26:44.509Z"}
{"error":"connect ECONNREFUSED ::1:6379","level":"error","message":"Erreur Redis","service":"liveshop-backend","timestamp":"2025-08-21T12:26:44.510Z"}
{"delay":200,"level":"warn","message":"Tentative de reconnexion Redis","retries":2,"service":"liveshop-backend","timestamp":"2025-08-21T12:26:44.611Z"}
{"error":"connect ECONNREFUSED ::1:6379","level":"error","message":"Erreur Redis","service":"liveshop-backend","timestamp":"2025-08-21T12:26:44.612Z"}
{"delay":300,"level":"warn","message":"Tentative de reconnexion Redis","retries":3,"service":"liveshop-backend","timestamp":"2025-08-21T12:26:44.815Z"}
{"error":"connect ECONNREFUSED ::1:6379","level":"error","message":"Erreur Redis","service":"liveshop-backend","timestamp":"2025-08-21T12:26:44.816Z"}
{"delay":400,"level":"warn","message":"Tentative de reconnexion Redis","retries":4,"service":"liveshop-backend","timestamp":"2025-08-21T12:26:45.120Z"}
{"error":"connect ECONNREFUSED ::1:6379","level":"error","message":"Erreur Redis","service":"liveshop-backend","timestamp":"2025-08-21T12:26:45.120Z"}
{"delay":500,"level":"warn","message":"Tentative de reconnexion Redis","retries":5,"service":"liveshop-backend","timestamp":"2025-08-21T12:26:45.523Z"}
{"error":"connect ECONNREFUSED ::1:6379","level":"error","message":"Erreur Redis","service":"liveshop-backend","timestamp":"2025-08-21T12:26:45.523Z"}
{"delay":600,"level":"warn","message":"Tentative de reconnexion Redis","retries":6,"service":"liveshop-backend","timestamp":"2025-08-21T12:26:46.025Z"}
{"error":"connect ECONNREFUSED ::1:6379","level":"error","message":"Erreur Redis","service":"liveshop-backend","timestamp":"2025-08-21T12:26:46.025Z"}
{"delay":700,"level":"warn","message":"Tentative de reconnexion Redis","retries":7,"service":"liveshop-backend","timestamp":"2025-08-21T12:26:46.628Z"}
{"error":"connect ECONNREFUSED ::1:6379","level":"error","message":"Erreur Redis","service":"liveshop-backend","timestamp":"2025-08-21T12:26:46.628Z"}
{"delay":800,"level":"warn","message":"Tentative de reconnexion Redis","retries":8,"service":"liveshop-backend","timestamp":"2025-08-21T12:26:47.331Z"}
{"error":"connect ECONNREFUSED ::1:6379","level":"error","message":"Erreur Redis","service":"liveshop-backend","timestamp":"2025-08-21T12:26:47.331Z"}
{"delay":900,"level":"warn","message":"Tentative de reconnexion Redis","retries":9,"service":"liveshop-backend","timestamp":"2025-08-21T12:26:48.133Z"}
{"error":"connect ECONNREFUSED ::1:6379","level":"error","message":"Erreur Redis","service":"liveshop-backend","timestamp":"2025-08-21T12:26:48.133Z"}
{"delay":1000,"level":"warn","message":"Tentative de reconnexion Redis","retries":10,"service":"liveshop-backend","timestamp":"2025-08-21T12:26:49.035Z"}
{"error":"connect ECONNREFUSED ::1:6379","level":"error","message":"Erreur Redis","service":"liveshop-backend","timestamp":"2025-08-21T12:26:49.035Z"}
{"delay":1100,"level":"warn","message":"Tentative de reconnexion Redis","retries":11,"service":"liveshop-backend","timestamp":"2025-08-21T12:26:50.037Z"}
{"error":"connect ECONNREFUSED ::1:6379","level":"error","message":"Erreur Redis","service":"liveshop-backend","timestamp":"2025-08-21T12:26:50.038Z"}
{"delay":1200,"level":"warn","message":"Tentative de reconnexion Redis","retries":12,"service":"liveshop-backend","timestamp":"2025-08-21T12:26:51.140Z"}
{"error":"connect ECONNREFUSED ::1:6379","level":"error","message":"Erreur Redis","service":"liveshop-backend","timestamp":"2025-08-21T12:26:51.140Z"}
{"delay":1300,"level":"warn","message":"Tentative de reconnexion Redis","retries":13,"service":"liveshop-backend","timestamp":"2025-08-21T12:26:52.343Z"}
{"error":"connect ECONNREFUSED ::1:6379","level":"error","message":"Erreur Redis","service":"liveshop-backend","timestamp":"2025-08-21T12:26:52.344Z"}
{"delay":1400,"level":"warn","message":"Tentative de reconnexion Redis","retries":14,"service":"liveshop-backend","timestamp":"2025-08-21T12:26:53.646Z"}
{"error":"connect ECONNREFUSED ::1:6379","level":"error","message":"Erreur Redis","service":"liveshop-backend","timestamp":"2025-08-21T12:26:53.646Z"}
{"delay":1500,"level":"warn","message":"Tentative de reconnexion Redis","retries":15,"service":"liveshop-backend","timestamp":"2025-08-21T12:26:55.050Z"}
{"error":"connect ECONNREFUSED ::1:6379","level":"error","message":"Erreur Redis","service":"liveshop-backend","timestamp":"2025-08-21T12:26:55.051Z"}
{"delay":1600,"level":"warn","message":"Tentative de reconnexion Redis","retries":16,"service":"liveshop-backend","timestamp":"2025-08-21T12:26:56.553Z"}
{"error":"connect ECONNREFUSED ::1:6379","level":"error","message":"Erreur Redis","service":"liveshop-backend","timestamp":"2025-08-21T12:26:56.554Z"}
{"delay":1700,"level":"warn","message":"Tentative de reconnexion Redis","retries":17,"service":"liveshop-backend","timestamp":"2025-08-21T12:26:58.155Z"}
{"error":"connect ECONNREFUSED ::1:6379","level":"error","message":"Erreur Redis","service":"liveshop-backend","timestamp":"2025-08-21T12:26:58.156Z"}
{"delay":1800,"level":"warn","message":"Tentative de reconnexion Redis","retries":18,"service":"liveshop-backend","timestamp":"2025-08-21T12:26:59.858Z"}
{"error":"connect ECONNREFUSED ::1:6379","level":"error","message":"Erreur Redis","service":"liveshop-backend","timestamp":"2025-08-21T12:26:59.858Z"}
{"delay":1900,"level":"warn","message":"Tentative de reconnexion Redis","retries":19,"service":"liveshop-backend","timestamp":"2025-08-21T12:27:01.661Z"}
{"error":"connect ECONNREFUSED ::1:6379","level":"error","message":"Erreur Redis","service":"liveshop-backend","timestamp":"2025-08-21T12:27:01.661Z"}
{"delay":2000,"level":"warn","message":"Tentative de reconnexion Redis","retries":20,"service":"liveshop-backend","timestamp":"2025-08-21T12:27:03.675Z"}
{"error":"connect ECONNREFUSED ::1:6379","level":"error","message":"Erreur Redis","service":"liveshop-backend","timestamp":"2025-08-21T12:27:03.675Z"}
{"level":"info","message":"🚀 Serveur LiveShop démarré sur le port 3001","service":"liveshop-backend","timestamp":"2025-08-21T12:27:06.174Z"}
{"database":"liveshop_db","host":"localhost","level":"debug","message":"Connexion à la base de données","port":5432,"service":"liveshop-backend","timestamp":"2025-08-21T12:27:06.177Z"}
{"level":"info","message":"Connexion DB établie","processId":62144,"service":"liveshop-backend","timestamp":"2025-08-21T12:27:06.199Z"}
{"level":"info","message":"Fermeture connexion DB","processId":62144,"service":"liveshop-backend","timestamp":"2025-08-21T12:27:06.200Z"}
{"database":"liveshop_db","host":"localhost","level":"debug","message":"Connexion à la base de données","port":5432,"service":"liveshop-backend","timestamp":"2025-08-21T12:27:06.203Z"}
{"level":"info","message":"Connexion DB établie","processId":62145,"service":"liveshop-backend","timestamp":"2025-08-21T12:27:06.209Z"}
{"level":"info","message":"Connexion PostgreSQL réussie","service":"liveshop-backend","timestamp":"2025-08-21T12:27:06.212Z"}
{"delay":0,"level":"warn","message":"Tentative de reconnexion Redis","retries":0,"service":"liveshop-backend","timestamp":"2025-08-21T12:27:06.249Z"}
{"error":"connect ECONNREFUSED ::1:6379","level":"error","message":"Erreur Redis","service":"liveshop-backend","timestamp":"2025-08-21T12:27:06.249Z"}
{"delay":100,"level":"warn","message":"Tentative de reconnexion Redis","retries":1,"service":"liveshop-backend","timestamp":"2025-08-21T12:27:06.253Z"}
{"error":"connect ECONNREFUSED ::1:6379","level":"error","message":"Erreur Redis","service":"liveshop-backend","timestamp":"2025-08-21T12:27:06.253Z"}
{"delay":200,"level":"warn","message":"Tentative de reconnexion Redis","retries":2,"service":"liveshop-backend","timestamp":"2025-08-21T12:27:06.355Z"}
{"error":"connect ECONNREFUSED ::1:6379","level":"error","message":"Erreur Redis","service":"liveshop-backend","timestamp":"2025-08-21T12:27:06.356Z"}
{"delay":300,"level":"warn","message":"Tentative de reconnexion Redis","retries":3,"service":"liveshop-backend","timestamp":"2025-08-21T12:27:06.558Z"}
{"error":"connect ECONNREFUSED ::1:6379","level":"error","message":"Erreur Redis","service":"liveshop-backend","timestamp":"2025-08-21T12:27:06.558Z"}
{"delay":400,"level":"warn","message":"Tentative de reconnexion Redis","retries":4,"service":"liveshop-backend","timestamp":"2025-08-21T12:27:06.860Z"}
{"error":"connect ECONNREFUSED ::1:6379","level":"error","message":"Erreur Redis","service":"liveshop-backend","timestamp":"2025-08-21T12:27:06.860Z"}
{"delay":500,"level":"warn","message":"Tentative de reconnexion Redis","retries":5,"service":"liveshop-backend","timestamp":"2025-08-21T12:27:07.262Z"}
{"error":"connect ECONNREFUSED ::1:6379","level":"error","message":"Erreur Redis","service":"liveshop-backend","timestamp":"2025-08-21T12:27:07.262Z"}
{"delay":600,"level":"warn","message":"Tentative de reconnexion Redis","retries":6,"service":"liveshop-backend","timestamp":"2025-08-21T12:27:07.766Z"}
{"error":"connect ECONNREFUSED ::1:6379","level":"error","message":"Erreur Redis","service":"liveshop-backend","timestamp":"2025-08-21T12:27:07.767Z"}
{"delay":700,"level":"warn","message":"Tentative de reconnexion Redis","retries":7,"service":"liveshop-backend","timestamp":"2025-08-21T12:27:08.370Z"}
{"error":"connect ECONNREFUSED ::1:6379","level":"error","message":"Erreur Redis","service":"liveshop-backend","timestamp":"2025-08-21T12:27:08.370Z"}
{"delay":800,"level":"warn","message":"Tentative de reconnexion Redis","retries":8,"service":"liveshop-backend","timestamp":"2025-08-21T12:27:09.073Z"}
{"error":"connect ECONNREFUSED ::1:6379","level":"error","message":"Erreur Redis","service":"liveshop-backend","timestamp":"2025-08-21T12:27:09.073Z"}
{"delay":900,"level":"warn","message":"Tentative de reconnexion Redis","retries":9,"service":"liveshop-backend","timestamp":"2025-08-21T12:27:09.876Z"}
{"error":"connect ECONNREFUSED ::1:6379","level":"error","message":"Erreur Redis","service":"liveshop-backend","timestamp":"2025-08-21T12:27:09.876Z"}
{"delay":1000,"level":"warn","message":"Tentative de reconnexion Redis","retries":10,"service":"liveshop-backend","timestamp":"2025-08-21T12:27:10.777Z"}
{"error":"connect ECONNREFUSED ::1:6379","level":"error","message":"Erreur Redis","service":"liveshop-backend","timestamp":"2025-08-21T12:27:10.777Z"}
{"delay":1100,"level":"warn","message":"Tentative de reconnexion Redis","retries":11,"service":"liveshop-backend","timestamp":"2025-08-21T12:27:11.780Z"}
{"error":"connect ECONNREFUSED ::1:6379","level":"error","message":"Erreur Redis","service":"liveshop-backend","timestamp":"2025-08-21T12:27:11.780Z"}
{"delay":1200,"level":"warn","message":"Tentative de reconnexion Redis","retries":12,"service":"liveshop-backend","timestamp":"2025-08-21T12:27:12.885Z"}
{"error":"connect ECONNREFUSED ::1:6379","level":"error","message":"Erreur Redis","service":"liveshop-backend","timestamp":"2025-08-21T12:27:12.886Z"}
{"delay":1300,"level":"warn","message":"Tentative de reconnexion Redis","retries":13,"service":"liveshop-backend","timestamp":"2025-08-21T12:27:14.087Z"}
{"error":"connect ECONNREFUSED ::1:6379","level":"error","message":"Erreur Redis","service":"liveshop-backend","timestamp":"2025-08-21T12:27:14.087Z"}
{"delay":1400,"level":"warn","message":"Tentative de reconnexion Redis","retries":14,"service":"liveshop-backend","timestamp":"2025-08-21T12:27:15.391Z"}
{"error":"connect ECONNREFUSED ::1:6379","level":"error","message":"Erreur Redis","service":"liveshop-backend","timestamp":"2025-08-21T12:27:15.391Z"}
{"level":"info","message":"Fermeture graceful des connexions...","service":"liveshop-backend","timestamp":"2025-08-21T12:27:16.418Z"}
{"level":"info","message":"🚀 Serveur LiveShop démarré sur le port 3001","service":"liveshop-backend","timestamp":"2025-08-21T12:27:24.785Z"}
{"database":"liveshop_db","host":"localhost","level":"debug","message":"Connexion à la base de données","port":5432,"service":"liveshop-backend","timestamp":"2025-08-21T12:27:24.789Z"}
{"level":"info","message":"Connexion DB établie","processId":62691,"service":"liveshop-backend","timestamp":"2025-08-21T12:27:24.811Z"}
{"level":"info","message":"Fermeture connexion DB","processId":62691,"service":"liveshop-backend","timestamp":"2025-08-21T12:27:24.812Z"}
{"database":"liveshop_db","host":"localhost","level":"debug","message":"Connexion à la base de données","port":5432,"service":"liveshop-backend","timestamp":"2025-08-21T12:27:24.816Z"}
{"level":"info","message":"Connexion DB établie","processId":62692,"service":"liveshop-backend","timestamp":"2025-08-21T12:27:24.824Z"}
{"level":"info","message":"Connexion PostgreSQL réussie","service":"liveshop-backend","timestamp":"2025-08-21T12:27:24.827Z"}
{"delay":0,"level":"warn","message":"Tentative de reconnexion Redis","retries":0,"service":"liveshop-backend","timestamp":"2025-08-21T12:27:24.865Z"}
{"error":"connect ECONNREFUSED ::1:6379","level":"error","message":"Erreur Redis","service":"liveshop-backend","timestamp":"2025-08-21T12:27:24.866Z"}
{"delay":100,"level":"warn","message":"Tentative de reconnexion Redis","retries":1,"service":"liveshop-backend","timestamp":"2025-08-21T12:27:24.870Z"}
{"error":"connect ECONNREFUSED ::1:6379","level":"error","message":"Erreur Redis","service":"liveshop-backend","timestamp":"2025-08-21T12:27:24.870Z"}
{"delay":200,"level":"warn","message":"Tentative de reconnexion Redis","retries":2,"service":"liveshop-backend","timestamp":"2025-08-21T12:27:24.972Z"}
{"error":"connect ECONNREFUSED ::1:6379","level":"error","message":"Erreur Redis","service":"liveshop-backend","timestamp":"2025-08-21T12:27:24.972Z"}
{"delay":300,"level":"warn","message":"Tentative de reconnexion Redis","retries":3,"service":"liveshop-backend","timestamp":"2025-08-21T12:27:25.173Z"}
{"error":"connect ECONNREFUSED ::1:6379","level":"error","message":"Erreur Redis","service":"liveshop-backend","timestamp":"2025-08-21T12:27:25.174Z"}
{"delay":400,"level":"warn","message":"Tentative de reconnexion Redis","retries":4,"service":"liveshop-backend","timestamp":"2025-08-21T12:27:25.477Z"}
{"error":"connect ECONNREFUSED ::1:6379","level":"error","message":"Erreur Redis","service":"liveshop-backend","timestamp":"2025-08-21T12:27:25.478Z"}
{"delay":500,"level":"warn","message":"Tentative de reconnexion Redis","retries":5,"service":"liveshop-backend","timestamp":"2025-08-21T12:27:25.880Z"}
{"error":"connect ECONNREFUSED ::1:6379","level":"error","message":"Erreur Redis","service":"liveshop-backend","timestamp":"2025-08-21T12:27:25.881Z"}
{"delay":600,"level":"warn","message":"Tentative de reconnexion Redis","retries":6,"service":"liveshop-backend","timestamp":"2025-08-21T12:27:26.384Z"}
{"error":"connect ECONNREFUSED ::1:6379","level":"error","message":"Erreur Redis","service":"liveshop-backend","timestamp":"2025-08-21T12:27:26.386Z"}
{"delay":700,"level":"warn","message":"Tentative de reconnexion Redis","retries":7,"service":"liveshop-backend","timestamp":"2025-08-21T12:27:26.989Z"}
{"error":"connect ECONNREFUSED ::1:6379","level":"error","message":"Erreur Redis","service":"liveshop-backend","timestamp":"2025-08-21T12:27:26.989Z"}
{"delay":800,"level":"warn","message":"Tentative de reconnexion Redis","retries":8,"service":"liveshop-backend","timestamp":"2025-08-21T12:27:27.692Z"}
{"error":"connect ECONNREFUSED ::1:6379","level":"error","message":"Erreur Redis","service":"liveshop-backend","timestamp":"2025-08-21T12:27:27.692Z"}
{"delay":900,"level":"warn","message":"Tentative de reconnexion Redis","retries":9,"service":"liveshop-backend","timestamp":"2025-08-21T12:27:28.496Z"}
{"error":"connect ECONNREFUSED ::1:6379","level":"error","message":"Erreur Redis","service":"liveshop-backend","timestamp":"2025-08-21T12:27:28.496Z"}
{"delay":1000,"level":"warn","message":"Tentative de reconnexion Redis","retries":10,"service":"liveshop-backend","timestamp":"2025-08-21T12:27:29.400Z"}
{"error":"connect ECONNREFUSED ::1:6379","level":"error","message":"Erreur Redis","service":"liveshop-backend","timestamp":"2025-08-21T12:27:29.400Z"}
{"delay":1100,"level":"warn","message":"Tentative de reconnexion Redis","retries":11,"service":"liveshop-backend","timestamp":"2025-08-21T12:27:30.402Z"}
{"error":"connect ECONNREFUSED ::1:6379","level":"error","message":"Erreur Redis","service":"liveshop-backend","timestamp":"2025-08-21T12:27:30.402Z"}
{"delay":1200,"level":"warn","message":"Tentative de reconnexion Redis","retries":12,"service":"liveshop-backend","timestamp":"2025-08-21T12:27:31.505Z"}
{"error":"connect ECONNREFUSED ::1:6379","level":"error","message":"Erreur Redis","service":"liveshop-backend","timestamp":"2025-08-21T12:27:31.505Z"}
{"delay":1300,"level":"warn","message":"Tentative de reconnexion Redis","retries":13,"service":"liveshop-backend","timestamp":"2025-08-21T12:27:32.707Z"}
{"error":"connect ECONNREFUSED ::1:6379","level":"error","message":"Erreur Redis","service":"liveshop-backend","timestamp":"2025-08-21T12:27:32.707Z"}
{"delay":1400,"level":"warn","message":"Tentative de reconnexion Redis","retries":14,"service":"liveshop-backend","timestamp":"2025-08-21T12:27:34.009Z"}
{"error":"connect ECONNREFUSED ::1:6379","level":"error","message":"Erreur Redis","service":"liveshop-backend","timestamp":"2025-08-21T12:27:34.010Z"}
{"delay":1500,"level":"warn","message":"Tentative de reconnexion Redis","retries":15,"service":"liveshop-backend","timestamp":"2025-08-21T12:27:35.411Z"}
{"error":"connect ECONNREFUSED ::1:6379","level":"error","message":"Erreur Redis","service":"liveshop-backend","timestamp":"2025-08-21T12:27:35.412Z"}
{"delay":1600,"level":"warn","message":"Tentative de reconnexion Redis","retries":16,"service":"liveshop-backend","timestamp":"2025-08-21T12:27:36.913Z"}
{"error":"connect ECONNREFUSED ::1:6379","level":"error","message":"Erreur Redis","service":"liveshop-backend","timestamp":"2025-08-21T12:27:36.913Z"}
{"delay":1700,"level":"warn","message":"Tentative de reconnexion Redis","retries":17,"service":"liveshop-backend","timestamp":"2025-08-21T12:27:38.514Z"}
{"error":"connect ECONNREFUSED ::1:6379","level":"error","message":"Erreur Redis","service":"liveshop-backend","timestamp":"2025-08-21T12:27:38.514Z"}
{"delay":1800,"level":"warn","message":"Tentative de reconnexion Redis","retries":18,"service":"liveshop-backend","timestamp":"2025-08-21T12:27:40.219Z"}
{"error":"connect ECONNREFUSED ::1:6379","level":"error","message":"Erreur Redis","service":"liveshop-backend","timestamp":"2025-08-21T12:27:40.219Z"}
{"delay":1900,"level":"warn","message":"Tentative de reconnexion Redis","retries":19,"service":"liveshop-backend","timestamp":"2025-08-21T12:27:42.020Z"}
{"error":"connect ECONNREFUSED ::1:6379","level":"error","message":"Erreur Redis","service":"liveshop-backend","timestamp":"2025-08-21T12:27:42.021Z"}
{"delay":2000,"level":"warn","message":"Tentative de reconnexion Redis","retries":20,"service":"liveshop-backend","timestamp":"2025-08-21T12:27:43.923Z"}
{"error":"connect ECONNREFUSED ::1:6379","level":"error","message":"Erreur Redis","service":"liveshop-backend","timestamp":"2025-08-21T12:27:43.923Z"}
{"delay":2100,"level":"warn","message":"Tentative de reconnexion Redis","retries":21,"service":"liveshop-backend","timestamp":"2025-08-21T12:27:45.924Z"}
{"error":"connect ECONNREFUSED ::1:6379","level":"error","message":"Erreur Redis","service":"liveshop-backend","timestamp":"2025-08-21T12:27:45.924Z"}
{"delay":2200,"level":"warn","message":"Tentative de reconnexion Redis","retries":22,"service":"liveshop-backend","timestamp":"2025-08-21T12:27:48.026Z"}
{"error":"connect ECONNREFUSED ::1:6379","level":"error","message":"Erreur Redis","service":"liveshop-backend","timestamp":"2025-08-21T12:27:48.026Z"}
{"delay":2300,"level":"warn","message":"Tentative de reconnexion Redis","retries":23,"service":"liveshop-backend","timestamp":"2025-08-21T12:27:50.229Z"}
{"error":"connect ECONNREFUSED ::1:6379","level":"error","message":"Erreur Redis","service":"liveshop-backend","timestamp":"2025-08-21T12:27:50.230Z"}
{"delay":2400,"level":"warn","message":"Tentative de reconnexion Redis","retries":24,"service":"liveshop-backend","timestamp":"2025-08-21T12:27:52.533Z"}
{"error":"connect ECONNREFUSED ::1:6379","level":"error","message":"Erreur Redis","service":"liveshop-backend","timestamp":"2025-08-21T12:27:52.534Z"}
{"delay":2500,"level":"warn","message":"Tentative de reconnexion Redis","retries":25,"service":"liveshop-backend","timestamp":"2025-08-21T12:27:54.936Z"}
{"error":"connect ECONNREFUSED ::1:6379","level":"error","message":"Erreur Redis","service":"liveshop-backend","timestamp":"2025-08-21T12:27:54.937Z"}
{"delay":2600,"level":"warn","message":"Tentative de reconnexion Redis","retries":26,"service":"liveshop-backend","timestamp":"2025-08-21T12:27:57.437Z"}
{"error":"connect ECONNREFUSED ::1:6379","level":"error","message":"Erreur Redis","service":"liveshop-backend","timestamp":"2025-08-21T12:27:57.437Z"}
{"delay":2700,"level":"warn","message":"Tentative de reconnexion Redis","retries":27,"service":"liveshop-backend","timestamp":"2025-08-21T12:28:00.040Z"}
{"error":"connect ECONNREFUSED ::1:6379","level":"error","message":"Erreur Redis","service":"liveshop-backend","timestamp":"2025-08-21T12:28:00.041Z"}
{"delay":2800,"level":"warn","message":"Tentative de reconnexion Redis","retries":28,"service":"liveshop-backend","timestamp":"2025-08-21T12:28:02.743Z"}
{"error":"connect ECONNREFUSED ::1:6379","level":"error","message":"Erreur Redis","service":"liveshop-backend","timestamp":"2025-08-21T12:28:02.743Z"}
{"delay":2900,"level":"warn","message":"Tentative de reconnexion Redis","retries":29,"service":"liveshop-backend","timestamp":"2025-08-21T12:28:05.545Z"}
{"error":"connect ECONNREFUSED ::1:6379","level":"error","message":"Erreur Redis","service":"liveshop-backend","timestamp":"2025-08-21T12:28:05.546Z"}
{"delay":3000,"level":"warn","message":"Tentative de reconnexion Redis","retries":30,"service":"liveshop-backend","timestamp":"2025-08-21T12:28:08.449Z"}
{"error":"connect ECONNREFUSED ::1:6379","level":"error","message":"Erreur Redis","service":"liveshop-backend","timestamp":"2025-08-21T12:28:08.449Z"}
{"delay":3100,"level":"warn","message":"Tentative de reconnexion Redis","retries":31,"service":"liveshop-backend","timestamp":"2025-08-21T12:28:11.452Z"}
{"error":"connect ECONNREFUSED ::1:6379","level":"error","message":"Erreur Redis","service":"liveshop-backend","timestamp":"2025-08-21T12:28:11.452Z"}
{"delay":3200,"level":"warn","message":"Tentative de reconnexion Redis","retries":32,"service":"liveshop-backend","timestamp":"2025-08-21T12:28:14.554Z"}
{"error":"connect ECONNREFUSED ::1:6379","level":"error","message":"Erreur Redis","service":"liveshop-backend","timestamp":"2025-08-21T12:28:14.555Z"}
{"delay":3300,"level":"warn","message":"Tentative de reconnexion Redis","retries":33,"service":"liveshop-backend","timestamp":"2025-08-21T12:28:17.757Z"}
{"error":"connect ECONNREFUSED ::1:6379","level":"error","message":"Erreur Redis","service":"liveshop-backend","timestamp":"2025-08-21T12:28:17.758Z"}
{"delay":3400,"level":"warn","message":"Tentative de reconnexion Redis","retries":34,"service":"liveshop-backend","timestamp":"2025-08-21T12:28:21.060Z"}
{"error":"connect ECONNREFUSED ::1:6379","level":"error","message":"Erreur Redis","service":"liveshop-backend","timestamp":"2025-08-21T12:28:21.061Z"}
{"delay":3500,"level":"warn","message":"Tentative de reconnexion Redis","retries":35,"service":"liveshop-backend","timestamp":"2025-08-21T12:28:24.463Z"}
{"error":"connect ECONNREFUSED ::1:6379","level":"error","message":"Erreur Redis","service":"liveshop-backend","timestamp":"2025-08-21T12:28:24.463Z"}
{"activeSellers":0,"level":"debug","message":"Stats WebSocket","service":"liveshop-backend","timestamp":"2025-08-21T12:28:24.783Z","totalConnections":0}
{"delay":3600,"level":"warn","message":"Tentative de reconnexion Redis","retries":36,"service":"liveshop-backend","timestamp":"2025-08-21T12:28:27.967Z"}
{"error":"connect ECONNREFUSED ::1:6379","level":"error","message":"Erreur Redis","service":"liveshop-backend","timestamp":"2025-08-21T12:28:27.967Z"}
{"delay":3700,"level":"warn","message":"Tentative de reconnexion Redis","retries":37,"service":"liveshop-backend","timestamp":"2025-08-21T12:28:31.569Z"}
{"error":"connect ECONNREFUSED ::1:6379","level":"error","message":"Erreur Redis","service":"liveshop-backend","timestamp":"2025-08-21T12:28:31.570Z"}
{"delay":3800,"level":"warn","message":"Tentative de reconnexion Redis","retries":38,"service":"liveshop-backend","timestamp":"2025-08-21T12:28:35.272Z"}
{"error":"connect ECONNREFUSED ::1:6379","level":"error","message":"Erreur Redis","service":"liveshop-backend","timestamp":"2025-08-21T12:28:35.273Z"}
{"delay":3900,"level":"warn","message":"Tentative de reconnexion Redis","retries":39,"service":"liveshop-backend","timestamp":"2025-08-21T12:28:39.074Z"}
{"error":"connect ECONNREFUSED ::1:6379","level":"error","message":"Erreur Redis","service":"liveshop-backend","timestamp":"2025-08-21T12:28:39.075Z"}
{"delay":4000,"level":"warn","message":"Tentative de reconnexion Redis","retries":40,"service":"liveshop-backend","timestamp":"2025-08-21T12:28:42.977Z"}
{"error":"connect ECONNREFUSED ::1:6379","level":"error","message":"Erreur Redis","service":"liveshop-backend","timestamp":"2025-08-21T12:28:42.977Z"}
{"delay":4100,"level":"warn","message":"Tentative de reconnexion Redis","retries":41,"service":"liveshop-backend","timestamp":"2025-08-21T12:28:46.979Z"}
{"error":"connect ECONNREFUSED ::1:6379","level":"error","message":"Erreur Redis","service":"liveshop-backend","timestamp":"2025-08-21T12:28:46.979Z"}
{"delay":4200,"level":"warn","message":"Tentative de reconnexion Redis","retries":42,"service":"liveshop-backend","timestamp":"2025-08-21T12:28:51.081Z"}
{"error":"connect ECONNREFUSED ::1:6379","level":"error","message":"Erreur Redis","service":"liveshop-backend","timestamp":"2025-08-21T12:28:51.082Z"}
{"delay":4300,"level":"warn","message":"Tentative de reconnexion Redis","retries":43,"service":"liveshop-backend","timestamp":"2025-08-21T12:28:55.288Z"}
{"error":"connect ECONNREFUSED ::1:6379","level":"error","message":"Erreur Redis","service":"liveshop-backend","timestamp":"2025-08-21T12:28:55.288Z"}
{"delay":4400,"level":"warn","message":"Tentative de reconnexion Redis","retries":44,"service":"liveshop-backend","timestamp":"2025-08-21T12:28:59.590Z"}
{"error":"connect ECONNREFUSED ::1:6379","level":"error","message":"Erreur Redis","service":"liveshop-backend","timestamp":"2025-08-21T12:28:59.590Z"}
{"level":"info","message":"🚀 Serveur LiveShop démarré sur le port 3001","service":"liveshop-backend","timestamp":"2025-08-21T12:29:03.811Z"}
{"level":"info","message":"✅ Connexion à la base de données établie","service":"liveshop-backend","timestamp":"2025-08-21T12:29:04.326Z"}
{"level":"warn","message":"Route non trouvée","method":"GET","path":"/api/public/sellers/1/report","service":"liveshop-backend","timestamp":"2025-08-21T12:29:05.435Z"}
{"level":"info","message":"\u001b[0mGET /api/public/sellers/1/report \u001b[33m404\u001b[0m 7.685 ms - 30\u001b[0m","service":"liveshop-backend","timestamp":"2025-08-21T12:29:05.445Z"}
{"level":"warn","message":"Route non trouvée","method":"GET","path":"/api/public/sellers/1/report","service":"liveshop-backend","timestamp":"2025-08-21T12:29:05.448Z"}
{"level":"info","message":"\u001b[0mGET /api/public/sellers/1/report \u001b[33m404\u001b[0m 1.624 ms - 30\u001b[0m","service":"liveshop-backend","timestamp":"2025-08-21T12:29:05.449Z"}
{"level":"warn","message":"Route non trouvée","method":"GET","path":"/api/public/sellers/1/report","service":"liveshop-backend","timestamp":"2025-08-21T12:29:05.545Z"}
{"level":"info","message":"\u001b[0mGET /api/public/sellers/1/report \u001b[33m404\u001b[0m 0.837 ms - 30\u001b[0m","service":"liveshop-backend","timestamp":"2025-08-21T12:29:05.546Z"}
{"level":"warn","message":"Route non trouvée","method":"GET","path":"/api/public/sellers/1/report","service":"liveshop-backend","timestamp":"2025-08-21T12:29:28.439Z"}
{"level":"info","message":"\u001b[0mGET /api/public/sellers/1/report \u001b[33m404\u001b[0m 1.671 ms - 30\u001b[0m","service":"liveshop-backend","timestamp":"2025-08-21T12:29:28.441Z"}
{"level":"warn","message":"Route non trouvée","method":"GET","path":"/api/public/sellers/1/report","service":"liveshop-backend","timestamp":"2025-08-21T12:29:28.449Z"}
{"level":"info","message":"\u001b[0mGET /api/public/sellers/1/report \u001b[33m404\u001b[0m 1.286 ms - 30\u001b[0m","service":"liveshop-backend","timestamp":"2025-08-21T12:29:28.450Z"}
{"level":"info","message":"\u001b[0mGET /api/health \u001b[32m200\u001b[0m 1.199 ms - 165\u001b[0m","service":"liveshop-backend","timestamp":"2025-08-21T12:29:39.152Z"}
{"level":"info","message":"\u001b[0mGET /api/health \u001b[32m200\u001b[0m 0.757 ms - 165\u001b[0m","service":"liveshop-backend","timestamp":"2025-08-21T12:29:42.047Z"}
{"level":"info","message":"\u001b[0mGET /api/public/products \u001b[32m200\u001b[0m 1.148 ms - 964\u001b[0m","service":"liveshop-backend","timestamp":"2025-08-21T12:29:45.883Z"}
{"activeSellers":0,"level":"debug","message":"Stats WebSocket","service":"liveshop-backend","timestamp":"2025-08-21T12:30:03.809Z","totalConnections":0}
{"level":"warn","message":"Route non trouvée","method":"GET","path":"/api/public/sellers/1/report","service":"liveshop-backend","timestamp":"2025-08-21T12:30:24.041Z"}
{"level":"info","message":"\u001b[0mGET /api/public/sellers/1/report \u001b[33m404\u001b[0m 1.697 ms - 30\u001b[0m","service":"liveshop-backend","timestamp":"2025-08-21T12:30:24.044Z"}
{"level":"warn","message":"Route non trouvée","method":"GET","path":"/api/public/sellers/1/report","service":"liveshop-backend","timestamp":"2025-08-21T12:30:24.047Z"}
{"level":"info","message":"\u001b[0mGET /api/public/sellers/1/report \u001b[33m404\u001b[0m 4.282 ms - 30\u001b[0m","service":"liveshop-backend","timestamp":"2025-08-21T12:30:24.052Z"}
{"activeSellers":0,"level":"debug","message":"Stats WebSocket","service":"liveshop-backend","timestamp":"2025-08-21T12:31:03.731Z","totalConnections":0}
{"activeSellers":0,"level":"debug","message":"Stats WebSocket","service":"liveshop-backend","timestamp":"2025-08-21T12:32:03.731Z","totalConnections":0}
{"activeSellers":0,"level":"debug","message":"Stats WebSocket","service":"liveshop-backend","timestamp":"2025-08-21T12:33:03.731Z","totalConnections":0}
{"level":"warn","message":"Route non trouvée","method":"GET","path":"/api/public/sellers/1/report","service":"liveshop-backend","timestamp":"2025-08-21T12:33:05.163Z"}
{"level":"info","message":"\u001b[0mGET /api/public/sellers/1/report \u001b[33m404\u001b[0m 1.120 ms - 30\u001b[0m","service":"liveshop-backend","timestamp":"2025-08-21T12:33:05.165Z"}
{"level":"warn","message":"Route non trouvée","method":"GET","path":"/api/public/sellers/1/report","service":"liveshop-backend","timestamp":"2025-08-21T12:33:05.174Z"}
{"level":"info","message":"\u001b[0mGET /api/public/sellers/1/report \u001b[33m404\u001b[0m 1.016 ms - 30\u001b[0m","service":"liveshop-backend","timestamp":"2025-08-21T12:33:05.176Z"}
{"level":"info","message":"🛑 Arrêt du serveur...","service":"liveshop-backend","timestamp":"2025-08-21T12:33:35.181Z"}
{"level":"info","message":"🚀 Serveur LiveShop démarré sur le port 3001","service":"liveshop-backend","timestamp":"2025-08-21T12:33:39.761Z"}
{"level":"info","message":"✅ Connexion à la base de données établie","service":"liveshop-backend","timestamp":"2025-08-21T12:33:39.877Z"}
{"level":"warn","message":"Route non trouvée","method":"GET","path":"/api/public/sellers/1/report","service":"liveshop-backend","timestamp":"2025-08-21T12:34:10.723Z"}
{"level":"info","message":"\u001b[0mGET /api/public/sellers/1/report \u001b[33m404\u001b[0m 15.354 ms - 30\u001b[0m","service":"liveshop-backend","timestamp":"2025-08-21T12:34:10.741Z"}
{"level":"warn","message":"Route non trouvée","method":"GET","path":"/api/public/sellers/1/report","service":"liveshop-backend","timestamp":"2025-08-21T12:34:10.745Z"}
{"level":"info","message":"\u001b[0mGET /api/public/sellers/1/report \u001b[33m404\u001b[0m 1.553 ms - 30\u001b[0m","service":"liveshop-backend","timestamp":"2025-08-21T12:34:10.747Z"}
{"level":"warn","message":"Route non trouvée","method":"GET","path":"/api/public/sellers/1/report","service":"liveshop-backend","timestamp":"2025-08-21T12:34:10.750Z"}
{"level":"info","message":"\u001b[0mGET /api/public/sellers/1/report \u001b[33m404\u001b[0m 1.247 ms - 30\u001b[0m","service":"liveshop-backend","timestamp":"2025-08-21T12:34:10.750Z"}
{"activeSellers":0,"level":"debug","message":"Stats WebSocket","service":"liveshop-backend","timestamp":"2025-08-21T12:34:39.751Z","totalConnections":0}
{"activeSellers":0,"level":"debug","message":"Stats WebSocket","service":"liveshop-backend","timestamp":"2025-08-21T12:35:39.752Z","totalConnections":0}
{"activeSellers":0,"level":"debug","message":"Stats WebSocket","service":"liveshop-backend","timestamp":"2025-08-21T12:36:39.752Z","totalConnections":0}
{"activeSellers":0,"level":"debug","message":"Stats WebSocket","service":"liveshop-backend","timestamp":"2025-08-21T12:37:39.760Z","totalConnections":0}
{"activeSellers":0,"level":"debug","message":"Stats WebSocket","service":"liveshop-backend","timestamp":"2025-08-21T12:38:39.760Z","totalConnections":0}
